<?xml version="1.0" encoding="UTF-8"?>
<!-- Generated by org.testng.reporters.JUnitXMLReporter -->
<testsuite ignored="2" hostname="DESKTOP-E6IFV13" failures="0" tests="2" name="TestQA" time="11.275" errors="0" timestamp="2024-10-23T11:48:58 IST">
  <testcase classname="script.InvalidLogin" name="testInvalidLogin" time="0.747"/>
  <testcase classname="script.ValidLogin" name="testValidLogin" time="3.218"/>
  <testcase classname="generic.BaseTest" name="@BeforeSuite initReport" time="0.0">
    <ignored/>
  </testcase> <!-- @BeforeSuite initReport -->
  <testcase classname="generic.BaseTest" name="@AfterSuite generateReport" time="0.0">
    <ignored/>
  </testcase> <!-- @AfterSuite generateReport -->
</testsuite> <!-- TestQA -->
