<?xml version="1.0" encoding="UTF-8"?>
<testng-results ignored="0" total="1" passed="1" failed="0" skipped="0">
  <reporter-output>
    <line>
      <![CDATA[Home Page is Displayed]]>
    </line>
  </reporter-output>
  <suite started-at="2024-10-22T12:16:49 IST" name="Default suite" finished-at="2024-10-22T12:16:55 IST" duration-ms="6387">
    <groups>
    </groups>
    <test started-at="2024-10-22T12:16:49 IST" name="Default test" finished-at="2024-10-22T12:16:55 IST" duration-ms="6387">
      <class name="script.ValidLogin">
        <test-method is-config="true" signature="initReport()[pri:0, instance:script.ValidLogin@3c9754d8]" started-at="2024-10-22T12:16:48 IST" name="initReport" finished-at="2024-10-22T12:16:49 IST" duration-ms="529" status="PASS">
          <reporter-output>
          </reporter-output>
        </test-method> <!-- initReport -->
        <test-method is-config="true" signature="preCondition(java.lang.reflect.Method,java.lang.String)[pri:0, instance:script.ValidLogin@3c9754d8]" started-at="2024-10-22T12:16:49 IST" name="preCondition" finished-at="2024-10-22T12:16:53 IST" duration-ms="4273" status="PASS">
          <params>
            <param index="0">
              <value>
                <![CDATA[public void script.ValidLogin.testValidLogin()]]>
              </value>
            </param>
            <param index="1">
              <value>
                <![CDATA[./config.properties]]>
              </value>
            </param>
          </params>
          <reporter-output>
          </reporter-output>
        </test-method> <!-- preCondition -->
        <test-method signature="testValidLogin()[pri:1, instance:script.ValidLogin@3c9754d8]" started-at="2024-10-22T12:16:53 IST" name="testValidLogin" finished-at="2024-10-22T12:16:55 IST" duration-ms="1661" status="PASS">
          <reporter-output>
            <line>
              <![CDATA[Home Page is Displayed]]>
            </line>
          </reporter-output>
        </test-method> <!-- testValidLogin -->
        <test-method is-config="true" signature="postCondition(org.testng.ITestResult)[pri:0, instance:script.ValidLogin@3c9754d8]" started-at="2024-10-22T12:16:55 IST" name="postCondition" finished-at="2024-10-22T12:16:55 IST" duration-ms="360" status="PASS">
          <params>
            <param index="0">
              <value>
                <![CDATA[[TestResult name=testValidLogin status=SUCCESS method=ValidLogin.testValidLogin()[pri:1, instance:script.ValidLogin@3c9754d8] output=Home Page is Displayed]]]>
              </value>
            </param>
          </params>
          <reporter-output>
          </reporter-output>
        </test-method> <!-- postCondition -->
        <test-method is-config="true" signature="generateReport()[pri:0, instance:script.ValidLogin@3c9754d8]" started-at="2024-10-22T12:16:55 IST" name="generateReport" finished-at="2024-10-22T12:16:56 IST" duration-ms="533" status="PASS">
          <reporter-output>
          </reporter-output>
        </test-method> <!-- generateReport -->
      </class> <!-- script.ValidLogin -->
    </test> <!-- Default test -->
  </suite> <!-- Default suite -->
</testng-results>
